<?xml version="1.0" encoding="UTF-8"?>
<!-- Generated by org.testng.reporters.JUnitReportReporter -->
<testsuite hostname="DESKTOP-30FU7O0" failures="0" tests="1" name="com.demoblaze3.SecondTestNG" time="0.030" errors="0" timestamp="2021-10-08T12:03:50 IST" skipped="0">
  <testcase classname="com.demoblaze3.SecondTestNG" name="f" time="0.030"/>
  <system-out/>
</testsuite> <!-- com.demoblaze3.SecondTestNG -->
