<?xml version="1.0" encoding="UTF-8"?>
<!-- Generated by org.testng.reporters.JUnitReportReporter -->
<testsuite hostname="DESKTOP-30FU7O0" failures="0" tests="1" name="com.demoblaze3.Scenario4" time="0.012" errors="0" timestamp="2021-10-11T09:41:34 IST" skipped="0">
  <testcase classname="com.demoblaze3.Scenario4" name="f" time="0.012"/>
  <system-out/>
</testsuite> <!-- com.demoblaze3.Scenario4 -->
