<?xml version="1.0" encoding="UTF-8"?>
<!-- Generated by org.testng.reporters.JUnitReportReporter -->
<testsuite hostname="DESKTOP-30FU7O0" failures="0" tests="1" name="com.demoblaze3.MyTestNG" time="7.128" errors="0" timestamp="2021-10-08T12:03:50 IST" skipped="0">
  <testcase classname="com.demoblaze3.MyTestNG" name="browser_is_open" time="7.128"/>
  <system-out/>
</testsuite> <!-- com.demoblaze3.MyTestNG -->
