<?xml version="1.0" encoding="UTF-8"?>
<!-- Generated by org.testng.reporters.JUnitReportReporter -->
<testsuite hostname="DESKTOP-30FU7O0" failures="0" tests="1" name="Cucumber_selenium.Cucumber_selenium.AppTest" time="0.046" errors="0" timestamp="14 Oct 2021 06:28:42 GMT" skipped="0">
  <testcase classname="Cucumber_selenium.Cucumber_selenium.AppTest" name="shouldAnswerWithTrue" time="0.046"/>
</testsuite> <!-- Cucumber_selenium.Cucumber_selenium.AppTest -->
